----------

Wed Jan 26 2022 15:15:49 GMT+0200 (Восточная Европа, стандартное время)

warning: LF will be replaced by CRLF in assets/bootstrap/css/bootstrap.min.css.
The file will have its original line endings in your working directory


----------

Wed Jan 26 2022 15:15:49 GMT+0200 (Восточная Европа, стандартное время)

warning: LF will be replaced by CRLF in assets/bootstrap/js/bootstrap.min.js.
The file will have its original line endings in your working directory


----------

Wed Jan 26 2022 15:15:49 GMT+0200 (Восточная Европа, стандартное время)

warning: LF will be replaced by CRLF in assets/img/Note4X-360x640-ETH-1.svg.
The file will have its original line endings in your working directory


----------

Wed Jan 26 2022 15:15:49 GMT+0200 (Восточная Европа, стандартное время)

warning: LF will be replaced by CRLF in assets/img/Note4X-360x640-ETH-2.svg.
The file will have its original line endings in your working directory


----------

Wed Jan 26 2022 15:15:49 GMT+0200 (Восточная Европа, стандартное время)

warning: LF will be replaced by CRLF in assets/img/Note4X-360x640-ETH-Withdraw.svg.
The file will have its original line endings in your working directory


----------

Wed Jan 26 2022 15:15:49 GMT+0200 (Восточная Европа, стандартное время)

warning: LF will be replaced by CRLF in assets/js/jquery.min.js.
The file will have its original line endings in your working directory


----------

Wed Jan 26 2022 15:15:49 GMT+0200 (Восточная Европа, стандартное время)

warning: LF will be replaced by CRLF in index.html.
The file will have its original line endings in your working directory


----------

Wed Jan 26 2022 15:15:49 GMT+0200 (Восточная Европа, стандартное время)

warning: LF will be replaced by CRLF in stop-mining.html.
The file will have its original line endings in your working directory


----------

Wed Jan 26 2022 15:15:49 GMT+0200 (Восточная Европа, стандартное время)

warning: LF will be replaced by CRLF in withdraw.html.
The file will have its original line endings in your working directory


----------

Wed Jan 26 2022 15:15:51 GMT+0200 (Восточная Европа, стандартное время)

To https://github.com/Kiterfiter/ETH-Note4x.git
   641269b..d88d585  main -> main


----------

Wed Jan 26 2022 15:24:48 GMT+0200 (Восточная Европа, стандартное время)

warning: LF will be replaced by CRLF in assets/bootstrap/css/bootstrap.min.css.
The file will have its original line endings in your working directory


----------

Wed Jan 26 2022 15:24:48 GMT+0200 (Восточная Европа, стандартное время)

warning: LF will be replaced by CRLF in assets/bootstrap/js/bootstrap.min.js.
The file will have its original line endings in your working directory


----------

Wed Jan 26 2022 15:24:48 GMT+0200 (Восточная Европа, стандартное время)

warning: LF will be replaced by CRLF in assets/img/Note4X-360x640-ETH-1.svg.
The file will have its original line endings in your working directory


----------

Wed Jan 26 2022 15:24:48 GMT+0200 (Восточная Европа, стандартное время)

warning: LF will be replaced by CRLF in assets/img/Note4X-360x640-ETH-2.svg.
The file will have its original line endings in your working directory


----------

Wed Jan 26 2022 15:24:48 GMT+0200 (Восточная Европа, стандартное время)

warning: LF will be replaced by CRLF in assets/img/Note4X-360x640-ETH-Withdraw.svg.
The file will have its original line endings in your working directory


----------

Wed Jan 26 2022 15:24:48 GMT+0200 (Восточная Европа, стандартное время)

warning: LF will be replaced by CRLF in assets/js/jquery.min.js.
The file will have its original line endings in your working directory


----------

Wed Jan 26 2022 15:24:48 GMT+0200 (Восточная Европа, стандартное время)

warning: LF will be replaced by CRLF in index.html.
The file will have its original line endings in your working directory


----------

Wed Jan 26 2022 15:24:48 GMT+0200 (Восточная Европа, стандартное время)

warning: LF will be replaced by CRLF in stop-mining.html.
The file will have its original line endings in your working directory


----------

Wed Jan 26 2022 15:24:48 GMT+0200 (Восточная Европа, стандартное время)

warning: LF will be replaced by CRLF in withdraw.html.
The file will have its original line endings in your working directory


----------

Wed Jan 26 2022 15:24:48 GMT+0200 (Восточная Европа, стандартное время)

warning: LF will be replaced by CRLF in error.log.
The file will have its original line endings in your working directory


----------

Wed Jan 26 2022 15:24:49 GMT+0200 (Восточная Европа, стандартное время)

To https://github.com/Kiterfiter/ETH-Note4x.git
   d88d585..98079b3  main -> main


----------

Wed Jan 26 2022 15:39:31 GMT+0200 (Восточная Европа, стандартное время)

warning: LF will be replaced by CRLF in assets/bootstrap/css/bootstrap.min.css.
The file will have its original line endings in your working directory


----------

Wed Jan 26 2022 15:39:31 GMT+0200 (Восточная Европа, стандартное время)

warning: LF will be replaced by CRLF in assets/bootstrap/js/bootstrap.min.js.
The file will have its original line endings in your working directory


----------

Wed Jan 26 2022 15:39:31 GMT+0200 (Восточная Европа, стандартное время)

warning: LF will be replaced by CRLF in assets/img/Note4X-360x640-ETH-1.svg.
The file will have its original line endings in your working directory


----------

Wed Jan 26 2022 15:39:31 GMT+0200 (Восточная Европа, стандартное время)

warning: LF will be replaced by CRLF in assets/img/Note4X-360x640-ETH-2.svg.
The file will have its original line endings in your working directory


----------

Wed Jan 26 2022 15:39:31 GMT+0200 (Восточная Европа, стандартное время)

warning: LF will be replaced by CRLF in assets/img/Note4X-360x640-ETH-Withdraw.svg.
The file will have its original line endings in your working directory


----------

Wed Jan 26 2022 15:39:31 GMT+0200 (Восточная Европа, стандартное время)

warning: LF will be replaced by CRLF in assets/js/jquery.min.js.
The file will have its original line endings in your working directory


----------

Wed Jan 26 2022 15:39:31 GMT+0200 (Восточная Европа, стандартное время)

warning: LF will be replaced by CRLF in error.log.
The file will have its original line endings in your working directory


----------

Wed Jan 26 2022 15:39:31 GMT+0200 (Восточная Европа, стандартное время)

warning: LF will be replaced by CRLF in index.html.
The file will have its original line endings in your working directory


----------

Wed Jan 26 2022 15:39:31 GMT+0200 (Восточная Европа, стандартное время)

warning: LF will be replaced by CRLF in stop-mining.html.
The file will have its original line endings in your working directory


----------

Wed Jan 26 2022 15:39:31 GMT+0200 (Восточная Европа, стандартное время)

warning: LF will be replaced by CRLF in withdraw.html.
The file will have its original line endings in your working directory


----------

Wed Jan 26 2022 15:39:33 GMT+0200 (Восточная Европа, стандартное время)

To https://github.com/Kiterfiter/ETH-Note4x.git
   98079b3..3216f8f  main -> main


